<?xml version="1.0" encoding="UTF-8"?>
<trace:TraceModel xmi:version="2.0"
    xmlns:xmi="http://www.omg.org/XMI"
    xmlns:trace="http://www.eclipse.org/gmf/2006/Trace">
  <nodeTraces
      visualID="2001"
      queryText="(let _eClass_:ecore::EClass = modelFacet.metaClass.ecoreClass in _eClass_.ePackage.nsURI = 'http://iec.ch/TC57/2008/CIM-schema-cim13#' and _eClass_.name = 'ConnectivityNode') and (let _containmentMF_:ecore::EStructuralFeature = modelFacet.containmentMetaFeature.ecoreFeature in (let _eClass_:ecore::EClass = _containmentMF_.eContainingClass in _eClass_.ePackage.nsURI = 'http://iec.ch/TC57/2008/CIM-schema-cim13#' and _eClass_.name = 'CommonPowerSystemModel') and _containmentMF_.name = 'Elements')"/>
  <nodeTraces
      visualID="2002"
      queryText="(let _eClass_:ecore::EClass = modelFacet.metaClass.ecoreClass in _eClass_.ePackage.nsURI = 'http://iec.ch/TC57/2008/CIM-schema-cim13#' and _eClass_.name = 'BusbarSection') and (let _containmentMF_:ecore::EStructuralFeature = modelFacet.containmentMetaFeature.ecoreFeature in (let _eClass_:ecore::EClass = _containmentMF_.eContainingClass in _eClass_.ePackage.nsURI = 'http://iec.ch/TC57/2008/CIM-schema-cim13#' and _eClass_.name = 'CommonPowerSystemModel') and _containmentMF_.name = 'Elements')">
    <nodeLabelTraces
        visualID="5002"
        queryText="true"/>
  </nodeTraces>
  <nodeTraces
      visualID="2003"
      queryText="(let _eClass_:ecore::EClass = modelFacet.metaClass.ecoreClass in _eClass_.ePackage.nsURI = 'http://iec.ch/TC57/2008/CIM-schema-cim13#' and _eClass_.name = 'ACLineSegment') and (let _containmentMF_:ecore::EStructuralFeature = modelFacet.containmentMetaFeature.ecoreFeature in (let _eClass_:ecore::EClass = _containmentMF_.eContainingClass in _eClass_.ePackage.nsURI = 'http://iec.ch/TC57/2008/CIM-schema-cim13#' and _eClass_.name = 'CommonPowerSystemModel') and _containmentMF_.name = 'Elements')">
    <nodeLabelTraces
        visualID="5003"
        queryText="true"/>
  </nodeTraces>
  <linkTraces
      visualID="4001"
      queryText="modelFacet.oclIsKindOf(gmfgen::TypeLinkModelFacet) and (let _eClass_:ecore::EClass = modelFacet.oclAsType(gmfgen::TypeLinkModelFacet).metaClass.ecoreClass in _eClass_.ePackage.nsURI = 'http://iec.ch/TC57/2008/CIM-schema-cim13#' and _eClass_.name = 'Terminal')"/>
</trace:TraceModel>
